dFTemplate/build/intermediates/manifest_merge_blame_file/release/manifest-merger-blame-release-report.txt
1<?xml version="1.0" encoding="utf-8"?>
2<manifest xmlns:android="http://schemas.android.com/apk/res/android"
3    package="org.droidfoot.dftemplate"
4    android:versionCode="1"
5    android:versionName="1.0" >
6
7    <uses-sdk
8        android:minSdkVersion="14"
8-->src\main\AndroidManifest.xml
9        android:targetSdkVersion="30" />
9-->src\main\AndroidManifest.xml
10
11    <!-- <uses-sdk -->
12    <!-- android:minSdkVersion="14" -->
13    <!-- android:targetSdkVersion="14" /> -->
14    <application
14-->src\main\AndroidManifest.xml:10:5-36:19
15        android:allowBackup="true"
15-->src\main\AndroidManifest.xml:11:9-35
16        android:icon="@drawable/droidfoot_launcher"
16-->src\main\AndroidManifest.xml:12:9-52
17        android:label="@string/app_name"
17-->src\main\AndroidManifest.xml:13:9-41
18        android:theme="@style/AppTheme" >
18-->src\main\AndroidManifest.xml:14:9-40
19        <activity
19-->src\main\AndroidManifest.xml:15:11-23:20
20            android:name="org.droidfoot.weirdworld.WeirdWorldActivity"
20-->src\main\AndroidManifest.xml:16:13-71
21            android:label="@string/app_name" >
21-->src\main\AndroidManifest.xml:17:13-45
22            <intent-filter>
22-->src\main\AndroidManifest.xml:18:13-22:29
23                <action android:name="android.intent.action.MAIN" />
23-->src\main\AndroidManifest.xml:19:17-69
23-->src\main\AndroidManifest.xml:19:25-66
24
25                <category android:name="android.intent.category.LAUNCHER" />
25-->src\main\AndroidManifest.xml:21:17-77
25-->src\main\AndroidManifest.xml:21:27-74
26            </intent-filter>
27        </activity>
28        <activity
28-->src\main\AndroidManifest.xml:24:11-27:20
29            android:name="org.droidfoot.DroidfootActivity"
29-->src\main\AndroidManifest.xml:25:13-59
30            android:label="@string/app_name" >
30-->src\main\AndroidManifest.xml:26:13-45
31            <intent-filter>
31-->src\main\AndroidManifest.xml:18:13-22:29
32                <action android:name="android.intent.action.MAIN" />
32-->src\main\AndroidManifest.xml:19:17-69
32-->src\main\AndroidManifest.xml:19:25-66
33
34                <category android:name="android.intent.category.LAUNCHER" />
34-->src\main\AndroidManifest.xml:21:17-77
34-->src\main\AndroidManifest.xml:21:27-74
35            </intent-filter>
36        </activity>
37        <activity
37-->src\main\AndroidManifest.xml:28:9-31:20
38            android:name="org.droidfoot.HelpActivity"
38-->src\main\AndroidManifest.xml:29:13-54
39            android:label="@string/title_activity_help" >
39-->src\main\AndroidManifest.xml:30:13-56
40        </activity>
41        <activity
41-->src\main\AndroidManifest.xml:32:9-35:20
42            android:name="org.droidfoot.SettingsActivity"
42-->src\main\AndroidManifest.xml:33:13-58
43            android:label="@string/title_activity_settings" >
43-->src\main\AndroidManifest.xml:34:13-60
44        </activity>
45    </application>
46
47</manifest>